<?xml version="1.0" encoding="UTF-8"?>
<testsuite name="com.backend.testManagement.TestManagementApplicationTests" tests="1" skipped="0" failures="0" errors="0" timestamp="2023-11-03T13:02:07" hostname="HUAWEI_P40_lite-ca047f403.localdomain" time="0.151">
  <properties/>
  <testcase name="contextLoads()" classname="com.backend.testManagement.TestManagementApplicationTests" time="0.151"/>
  <system-out><![CDATA[14:02:01.971 [Test worker] DEBUG org.springframework.test.context.BootstrapUtils - Instantiating CacheAwareContextLoaderDelegate from class [org.springframework.test.context.cache.DefaultCacheAwareContextLoaderDelegate]
14:02:01.980 [Test worker] DEBUG org.springframework.test.context.BootstrapUtils - Instantiating BootstrapContext using constructor [public org.springframework.test.context.support.DefaultBootstrapContext(java.lang.Class,org.springframework.test.context.CacheAwareContextLoaderDelegate)]
14:02:02.010 [Test worker] DEBUG org.springframework.test.context.BootstrapUtils - Instantiating TestContextBootstrapper for test class [com.backend.testManagement.TestManagementApplicationTests] from class [org.springframework.boot.test.context.SpringBootTestContextBootstrapper]
14:02:02.020 [Test worker] INFO org.springframework.boot.test.context.SpringBootTestContextBootstrapper - Neither @ContextConfiguration nor @ContextHierarchy found for test class [com.backend.testManagement.TestManagementApplicationTests], using SpringBootContextLoader
14:02:02.023 [Test worker] DEBUG org.springframework.test.context.support.AbstractContextLoader - Did not detect default resource location for test class [com.backend.testManagement.TestManagementApplicationTests]: class path resource [com/backend/testManagement/TestManagementApplicationTests-context.xml] does not exist
14:02:02.024 [Test worker] DEBUG org.springframework.test.context.support.AbstractContextLoader - Did not detect default resource location for test class [com.backend.testManagement.TestManagementApplicationTests]: class path resource [com/backend/testManagement/TestManagementApplicationTestsContext.groovy] does not exist
14:02:02.024 [Test worker] INFO org.springframework.test.context.support.AbstractContextLoader - Could not detect default resource locations for test class [com.backend.testManagement.TestManagementApplicationTests]: no resource found for suffixes {-context.xml, Context.groovy}.
14:02:02.025 [Test worker] INFO org.springframework.test.context.support.AnnotationConfigContextLoaderUtils - Could not detect default configuration classes for test class [com.backend.testManagement.TestManagementApplicationTests]: TestManagementApplicationTests does not declare any static, non-private, non-final, nested classes annotated with @Configuration.
14:02:02.062 [Test worker] DEBUG org.springframework.test.context.support.ActiveProfilesUtils - Could not find an 'annotation declaring class' for annotation type [org.springframework.test.context.ActiveProfiles] and class [com.backend.testManagement.TestManagementApplicationTests]
14:02:02.110 [Test worker] DEBUG org.springframework.context.annotation.ClassPathScanningCandidateComponentProvider - Identified candidate component class: file [/Users/notebook/Desktop/Projects/testManagement/build/classes/java/main/com/backend/testManagement/TestManagementApplication.class]
14:02:02.111 [Test worker] INFO org.springframework.boot.test.context.SpringBootTestContextBootstrapper - Found @SpringBootConfiguration com.backend.testManagement.TestManagementApplication for test class com.backend.testManagement.TestManagementApplicationTests
14:02:02.187 [Test worker] DEBUG org.springframework.boot.test.context.SpringBootTestContextBootstrapper - @TestExecutionListeners is not present for class [com.backend.testManagement.TestManagementApplicationTests]: using defaults.
14:02:02.187 [Test worker] INFO org.springframework.boot.test.context.SpringBootTestContextBootstrapper - Loaded default TestExecutionListener class names from location [META-INF/spring.factories]: [org.springframework.boot.test.autoconfigure.restdocs.RestDocsTestExecutionListener, org.springframework.boot.test.autoconfigure.web.client.MockRestServiceServerResetTestExecutionListener, org.springframework.boot.test.autoconfigure.web.servlet.MockMvcPrintOnlyOnFailureTestExecutionListener, org.springframework.boot.test.autoconfigure.web.servlet.WebDriverTestExecutionListener, org.springframework.boot.test.autoconfigure.webservices.client.MockWebServiceServerTestExecutionListener, org.springframework.boot.test.mock.mockito.MockitoTestExecutionListener, org.springframework.boot.test.mock.mockito.ResetMocksTestExecutionListener, org.springframework.test.context.web.ServletTestExecutionListener, org.springframework.test.context.support.DirtiesContextBeforeModesTestExecutionListener, org.springframework.test.context.event.ApplicationEventsTestExecutionListener, org.springframework.test.context.support.DependencyInjectionTestExecutionListener, org.springframework.test.context.support.DirtiesContextTestExecutionListener, org.springframework.test.context.transaction.TransactionalTestExecutionListener, org.springframework.test.context.jdbc.SqlScriptsTestExecutionListener, org.springframework.test.context.event.EventPublishingTestExecutionListener]
14:02:02.202 [Test worker] INFO org.springframework.boot.test.context.SpringBootTestContextBootstrapper - Using TestExecutionListeners: [org.springframework.test.context.web.ServletTestExecutionListener@25748410, org.springframework.test.context.support.DirtiesContextBeforeModesTestExecutionListener@2b43529a, org.springframework.test.context.event.ApplicationEventsTestExecutionListener@4264b240, org.springframework.boot.test.mock.mockito.MockitoTestExecutionListener@5b04476e, org.springframework.boot.test.autoconfigure.SpringBootDependencyInjectionTestExecutionListener@5ad10c1a, org.springframework.test.context.support.DirtiesContextTestExecutionListener@6bb75258, org.springframework.test.context.transaction.TransactionalTestExecutionListener@c260bdc, org.springframework.test.context.jdbc.SqlScriptsTestExecutionListener@75e01201, org.springframework.test.context.event.EventPublishingTestExecutionListener@2783717b, org.springframework.boot.test.autoconfigure.restdocs.RestDocsTestExecutionListener@76f7d241, org.springframework.boot.test.autoconfigure.web.client.MockRestServiceServerResetTestExecutionListener@4a335fa8, org.springframework.boot.test.autoconfigure.web.servlet.MockMvcPrintOnlyOnFailureTestExecutionListener@3f363cf5, org.springframework.boot.test.autoconfigure.web.servlet.WebDriverTestExecutionListener@3829ac1, org.springframework.boot.test.autoconfigure.webservices.client.MockWebServiceServerTestExecutionListener@4baf352a, org.springframework.boot.test.mock.mockito.ResetMocksTestExecutionListener@1bb1fde8]
14:02:02.205 [Test worker] DEBUG org.springframework.test.context.support.AbstractDirtiesContextTestExecutionListener - Before test class: context [DefaultTestContext@275fe372 testClass = TestManagementApplicationTests, testInstance = [null], testMethod = [null], testException = [null], mergedContextConfiguration = [WebMergedContextConfiguration@40e10ff8 testClass = TestManagementApplicationTests, locations = '{}', classes = '{class com.backend.testManagement.TestManagementApplication}', contextInitializerClasses = '[]', activeProfiles = '{}', propertySourceLocations = '{}', propertySourceProperties = '{org.springframework.boot.test.context.SpringBootTestContextBootstrapper=true}', contextCustomizers = set[org.springframework.boot.test.autoconfigure.actuate.metrics.MetricsExportContextCustomizerFactory$DisableMetricExportContextCustomizer@27216cd, org.springframework.boot.test.autoconfigure.properties.PropertyMappingContextCustomizer@0, org.springframework.boot.test.autoconfigure.web.servlet.WebDriverContextCustomizerFactory$Customizer@10a9d961, org.springframework.boot.test.context.filter.ExcludeFilterContextCustomizer@60856961, org.springframework.boot.test.json.DuplicateJsonObjectContextCustomizerFactory$DuplicateJsonObjectContextCustomizer@3abada5a, org.springframework.boot.test.mock.mockito.MockitoContextCustomizer@0, org.springframework.boot.test.web.client.TestRestTemplateContextCustomizer@1c33c17b, org.springframework.boot.test.context.SpringBootTestArgs@1, org.springframework.boot.test.context.SpringBootTestWebEnvironment@609db43b], resourceBasePath = 'src/main/webapp', contextLoader = 'org.springframework.boot.test.context.SpringBootContextLoader', parent = [null]], attributes = map['org.springframework.test.context.web.ServletTestExecutionListener.activateListener' -> true]], class annotated with @DirtiesContext [false] with mode [null].

  .   ____          _            __ _ _
 /\\ / ___'_ __ _ _(_)_ __  __ _ \ \ \ \
( ( )\___ | '_ | '_| | '_ \/ _` | \ \ \ \
 \\/  ___)| |_)| | | | | || (_| |  ) ) ) )
  '  |____| .__|_| |_|_| |_\__, | / / / /
 =========|_|==============|___/=/_/_/_/
 :: Spring Boot ::               (v2.7.17)

2023-11-03 14:02:02.472  INFO 4099 --- [    Test worker] c.b.t.TestManagementApplicationTests     : Starting TestManagementApplicationTests using Java 17.0.9 on HUAWEI_P40_lite-ca047f403.localdomain with PID 4099 (started by notebook in /Users/notebook/Desktop/Projects/testManagement)
2023-11-03 14:02:02.474  INFO 4099 --- [    Test worker] c.b.t.TestManagementApplicationTests     : No active profile set, falling back to 1 default profile: "default"
2023-11-03 14:02:03.332  INFO 4099 --- [    Test worker] .s.d.r.c.RepositoryConfigurationDelegate : Bootstrapping Spring Data JPA repositories in DEFAULT mode.
2023-11-03 14:02:03.378  INFO 4099 --- [    Test worker] .s.d.r.c.RepositoryConfigurationDelegate : Finished Spring Data repository scanning in 39 ms. Found 1 JPA repository interfaces.
2023-11-03 14:02:03.934  INFO 4099 --- [    Test worker] o.hibernate.jpa.internal.util.LogHelper  : HHH000204: Processing PersistenceUnitInfo [name: default]
2023-11-03 14:02:03.977  INFO 4099 --- [    Test worker] org.hibernate.Version                    : HHH000412: Hibernate ORM core version 5.6.15.Final
2023-11-03 14:02:04.128  INFO 4099 --- [    Test worker] o.hibernate.annotations.common.Version   : HCANN000001: Hibernate Commons Annotations {5.1.2.Final}
2023-11-03 14:02:04.223  INFO 4099 --- [    Test worker] com.zaxxer.hikari.HikariDataSource       : HikariPool-1 - Starting...
2023-11-03 14:02:04.323  INFO 4099 --- [    Test worker] com.zaxxer.hikari.HikariDataSource       : HikariPool-1 - Start completed.
2023-11-03 14:02:04.351  INFO 4099 --- [    Test worker] org.hibernate.dialect.Dialect            : HHH000400: Using dialect: org.hibernate.dialect.MariaDB103Dialect
2023-11-03 14:02:04.852  INFO 4099 --- [    Test worker] o.h.e.t.j.p.i.JtaPlatformInitiator       : HHH000490: Using JtaPlatform implementation: [org.hibernate.engine.transaction.jta.platform.internal.NoJtaPlatform]
2023-11-03 14:02:04.861  INFO 4099 --- [    Test worker] j.LocalContainerEntityManagerFactoryBean : Initialized JPA EntityManagerFactory for persistence unit 'default'
2023-11-03 14:02:05.636  WARN 4099 --- [    Test worker] JpaBaseConfiguration$JpaWebConfiguration : spring.jpa.open-in-view is enabled by default. Therefore, database queries may be performed during view rendering. Explicitly configure spring.jpa.open-in-view to disable this warning
2023-11-03 14:02:07.122  INFO 4099 --- [    Test worker] c.b.t.TestManagementApplicationTests     : Started TestManagementApplicationTests in 4.881 seconds (JVM running for 5.975)
]]></system-out>
  <system-err><![CDATA[]]></system-err>
</testsuite>
